<?xml version="1.0" encoding="UTF-8"?>
<!-- Generated by org.testng.reporters.JUnitXMLReporter -->
<testsuite hostname="DESKTOP-TP18Q4P" name="Test" tests="3" failures="0" timestamp="2 Jul 2018 11:48:23 GMT" time="144.55" errors="0">
  <testcase name="basePageNavigation" time="25.642" classname="TestInstitute.HomePage"/>
  <testcase name="basePageNavigation" time="10.415" classname="TestInstitute.HomePage"/>
  <testcase name="basePageNavigation" time="0.457" classname="TestInstitute.ValidateTitle"/>
</testsuite> <!-- Test -->
